[ 2016-04-03T10:35:35+08:00 ] ::1 /yfsj-cs/index.php/Home/article
ERR: XML标签语法错误 : name="news" id="data"}
		     <li

[ 2016-04-03T10:36:07+08:00 ] ::1 /yfsj-cs/index.php/Home/article
ERR: XML标签语法错误 : name="news" id="data"}
		     <li

[ 2016-04-03T10:36:13+08:00 ] ::1 /yfsj-cs/index.php/Home/article
ERR: XML标签语法错误 : name="news" id="data"}
		     <li

[ 2016-04-03T10:39:04+08:00 ] ::1 /yfsj-cs/index.php/Home/article
ERR: XML标签语法错误 : name="news" id="data"}
		     <li

[ 2016-04-03T10:41:27+08:00 ] ::1 /yfsj-cs/index.php/Home/article
ERR: XML标签语法错误 : name="news" id="data"}
		     <li

[ 2016-04-03T10:41:48+08:00 ] ::1 /yfsj-cs/index.php/Home/article
ERR: XML标签语法错误 : name="news" id="data"}
		     <li

[ 2016-04-03T10:43:02+08:00 ] ::1 /yfsj-cs/index.php/Home/article
ERR: XML标签语法错误 : name="news" id="data"}
		     <li

[ 2016-04-03T10:43:09+08:00 ] ::1 /yfsj-cs/index.php/Home/article
ERR: XML标签语法错误 : name="news" id="data"}
		     <li

[ 2016-04-03T10:43:37+08:00 ] ::1 /yfsj-cs/index.php/Home/member
ERR: XML标签语法错误 : name="news" id="data"}
		     <li

[ 2016-04-03T10:43:59+08:00 ] ::1 /yfsj-cs/index.php/Home/member
ERR: XML标签语法错误 : name="news" id="data"}
		     <li

[ 2016-04-03T11:02:44+08:00 ] ::1 /yfsj-cs/index.php/Home/css/style.css
ERR: 无法加载控制器:Css

[ 2016-04-03T11:06:47+08:00 ] ::1 /yfsj-cs/index.php/Home/index.php?page_type=article
ERR: 无法加载控制器:Index.php

[ 2016-04-03T11:06:56+08:00 ] ::1 /yfsj-cs/index.php/Home/index.php?page_type=news
ERR: 无法加载控制器:Index.php

[ 2016-04-03T11:18:16+08:00 ] ::1 /yfsj-cs/index.php/Home/index.php?page_type=article
ERR: 无法加载控制器:Index.php

