[ 2016-04-19T13:52:28+08:00 ] ::1 /yfsj-cs/index.php/Home/Home/news
ERR: æ— æ³•åŠ è½½æŽ§åˆ¶å™¨:Home

[ 2016-04-19T14:17:34+08:00 ] ::1 /yfsj-cs/index.php/Home/Home/admin
ERR: æ— æ³•åŠ è½½æŽ§åˆ¶å™¨:Home

[ 2016-04-19T14:20:03+08:00 ] ::1 /yfsj-cs/index.php/Home/Home/admin
ERR: æ— æ³•åŠ è½½æŽ§åˆ¶å™¨:Home

[ 2016-04-19T14:20:17+08:00 ] ::1 /yfsj-cs/index.php/Home/Home/admin
ERR: æ— æ³•åŠ è½½æŽ§åˆ¶å™¨:Home

[ 2016-04-19T14:29:39+08:00 ] ::1 /yfsj-cs/index.php/Home/Home/news
ERR: æ— æ³•åŠ è½½æŽ§åˆ¶å™¨:Home

[ 2016-04-19T14:30:09+08:00 ] ::1 /yfsj-cs/index.php/Home/Home/news
ERR: æ— æ³•åŠ è½½æŽ§åˆ¶å™¨:Home

[ 2016-04-19T14:45:07+08:00 ] ::1 /yfsj-cs/index.php/Home/delete/µÚ¶þ´Î²âÊÔ
ERR: æ— æ³•åŠ è½½æŽ§åˆ¶å™¨:Delete

[ 2016-04-19T14:47:46+08:00 ] ::1 /yfsj-cs/index.php/Home/Home/news
ERR: æ— æ³•åŠ è½½æŽ§åˆ¶å™¨:Home

[ 2016-04-19T14:50:24+08:00 ] ::1 /yfsj-cs/index.php/Home/Home/news
ERR: æ— æ³•åŠ è½½æŽ§åˆ¶å™¨:Home

[ 2016-04-19T14:51:27+08:00 ] ::1 /yfsj-cs/index.php/Home/..Home/admin
ERR: æ— æ³•åŠ è½½æŽ§åˆ¶å™¨:..Home

[ 2016-04-19T14:51:52+08:00 ] ::1 /yfsj-cs/index.php/Home/..Home/admin
ERR: æ— æ³•åŠ è½½æŽ§åˆ¶å™¨:..Home

[ 2016-04-19T14:57:17+08:00 ] ::1 /yfsj-cs/index.php/Home/Home/admin
ERR: æ— æ³•åŠ è½½æŽ§åˆ¶å™¨:Home

