[ 2016-04-05T21:16:29+08:00 ] ::1 /yfsj-cs/index.php/Home/css/flexigrid.css
ERR: 无法加载控制器:Css

[ 2016-04-05T21:16:29+08:00 ] ::1 /yfsj-cs/index.php/Home/js/jquery-1.8.3.min.js
ERR: 无法加载控制器:Js

[ 2016-04-05T21:16:29+08:00 ] ::1 /yfsj-cs/index.php/Home/js/flexigrid.js
ERR: 无法加载控制器:Js

[ 2016-04-05T21:18:08+08:00 ] ::1 /yfsj-cs/index.php/Home/js/jquery-1.8.3.min.js
ERR: 无法加载控制器:Js

[ 2016-04-05T21:18:08+08:00 ] ::1 /yfsj-cs/index.php/Home/js/flexigrid.js
ERR: 无法加载控制器:Js

[ 2016-04-05T21:18:08+08:00 ] ::1 /yfsj-cs/index.php/Home/css/flexigrid.css
ERR: 无法加载控制器:Css

[ 2016-04-05T21:18:25+08:00 ] ::1 /yfsj-cs/index.php/Home/js/jquery.min.js
ERR: 无法加载控制器:Js

[ 2016-04-05T21:18:26+08:00 ] ::1 /yfsj-cs/index.php/Home/css/flexigrid.css
ERR: 无法加载控制器:Css

[ 2016-04-05T21:18:26+08:00 ] ::1 /yfsj-cs/index.php/Home/js/jquery-1.8.3.min.js
ERR: 无法加载控制器:Js

[ 2016-04-05T21:18:26+08:00 ] ::1 /yfsj-cs/index.php/Home/js/contabs.js
ERR: 无法加载控制器:Js

[ 2016-04-05T21:18:26+08:00 ] ::1 /yfsj-cs/index.php/Home/js/flexigrid.js
ERR: 无法加载控制器:Js

[ 2016-04-05T21:20:49+08:00 ] ::1 /yfsj-cs/index.php/Home/js/jquery.min.js
ERR: 无法加载控制器:Js

[ 2016-04-05T21:20:49+08:00 ] ::1 /yfsj-cs/index.php/Home/css/flexigrid.css
ERR: 无法加载控制器:Css

[ 2016-04-05T21:20:49+08:00 ] ::1 /yfsj-cs/index.php/Home/js/contabs.js
ERR: 无法加载控制器:Js

[ 2016-04-05T21:20:49+08:00 ] ::1 /yfsj-cs/index.php/Home/js/jquery-1.8.3.min.js
ERR: 无法加载控制器:Js

[ 2016-04-05T21:20:49+08:00 ] ::1 /yfsj-cs/index.php/Home/js/flexigrid.js
ERR: 无法加载控制器:Js

[ 2016-04-05T21:21:03+08:00 ] ::1 /yfsj-cs/index.php/Home/css/flexigrid.css
ERR: 无法加载控制器:Css

[ 2016-04-05T21:21:03+08:00 ] ::1 /yfsj-cs/index.php/Home/js/jquery-1.8.3.min.js
ERR: 无法加载控制器:Js

[ 2016-04-05T21:21:03+08:00 ] ::1 /yfsj-cs/index.php/Home/js/flexigrid.js
ERR: 无法加载控制器:Js

[ 2016-04-05T21:22:29+08:00 ] ::1 /yfsj-cs/index.php/Home/css/flexigrid.css
ERR: 无法加载控制器:Css

[ 2016-04-05T21:22:29+08:00 ] ::1 /yfsj-cs/index.php/Home/js/jquery-1.8.3.min.js
ERR: 无法加载控制器:Js

[ 2016-04-05T21:22:29+08:00 ] ::1 /yfsj-cs/index.php/Home/js/flexigrid.js
ERR: 无法加载控制器:Js

[ 2016-04-05T21:22:45+08:00 ] ::1 /yfsj-cs/index.php/Home/css/flexigrid.css
ERR: 无法加载控制器:Css

[ 2016-04-05T21:22:45+08:00 ] ::1 /yfsj-cs/index.php/Home/js/jquery-1.8.3.min.js
ERR: 无法加载控制器:Js

[ 2016-04-05T21:22:45+08:00 ] ::1 /yfsj-cs/index.php/Home/js/flexigrid.js
ERR: 无法加载控制器:Js

[ 2016-04-05T21:27:14+08:00 ] ::1 /yfsj-cs/index.php/Home/css/flexigrid.css
ERR: 无法加载控制器:Css

[ 2016-04-05T21:27:14+08:00 ] ::1 /yfsj-cs/index.php/Home/js/jquery-1.8.3.min.js
ERR: 无法加载控制器:Js

[ 2016-04-05T21:27:14+08:00 ] ::1 /yfsj-cs/index.php/Home/js/flexigrid.js
ERR: 无法加载控制器:Js

[ 2016-04-05T21:28:20+08:00 ] ::1 /yfsj-cs/index.php/Home/js/jquery-1.8.3.min.js
ERR: 无法加载控制器:Js

[ 2016-04-05T21:28:20+08:00 ] ::1 /yfsj-cs/index.php/Home/css/flexigrid.css
ERR: 无法加载控制器:Css

[ 2016-04-05T21:28:20+08:00 ] ::1 /yfsj-cs/index.php/Home/js/flexigrid.js
ERR: 无法加载控制器:Js

[ 2016-04-05T21:28:35+08:00 ] ::1 /yfsj-cs/index.php/Home/css/flexigrid.css
ERR: 无法加载控制器:Css

[ 2016-04-05T21:28:35+08:00 ] ::1 /yfsj-cs/index.php/Home/js/jquery-1.8.3.min.js
ERR: 无法加载控制器:Js

[ 2016-04-05T21:28:35+08:00 ] ::1 /yfsj-cs/index.php/Home/js/flexigrid.js
ERR: 无法加载控制器:Js

[ 2016-04-05T21:28:36+08:00 ] ::1 /yfsj-cs/index.php/Home/css/flexigrid.css
ERR: 无法加载控制器:Css

[ 2016-04-05T21:28:36+08:00 ] ::1 /yfsj-cs/index.php/Home/js/jquery-1.8.3.min.js
ERR: 无法加载控制器:Js

[ 2016-04-05T21:28:36+08:00 ] ::1 /yfsj-cs/index.php/Home/js/flexigrid.js
ERR: 无法加载控制器:Js

[ 2016-04-05T21:33:17+08:00 ] ::1 /yfsj-cs/index.php/Home/css/flexigrid.css
ERR: 无法加载控制器:Css

[ 2016-04-05T21:33:17+08:00 ] ::1 /yfsj-cs/index.php/Home/js/jquery-1.8.3.min.js
ERR: 无法加载控制器:Js

[ 2016-04-05T21:33:17+08:00 ] ::1 /yfsj-cs/index.php/Home/js/flexigrid.js
ERR: 无法加载控制器:Js

[ 2016-04-05T21:33:36+08:00 ] ::1 /yfsj-cs/index.php/Home/css/flexigrid.css
ERR: 无法加载控制器:Css

[ 2016-04-05T21:33:36+08:00 ] ::1 /yfsj-cs/index.php/Home/js/jquery-1.8.3.min.js
ERR: 无法加载控制器:Js

[ 2016-04-05T21:33:36+08:00 ] ::1 /yfsj-cs/index.php/Home/js/flexigrid.js
ERR: 无法加载控制器:Js

[ 2016-04-05T21:33:38+08:00 ] ::1 /yfsj-cs/index.php/Home/css/flexigrid.css
ERR: 无法加载控制器:Css

[ 2016-04-05T21:33:38+08:00 ] ::1 /yfsj-cs/index.php/Home/js/flexigrid.js
ERR: 无法加载控制器:Js

[ 2016-04-05T21:33:38+08:00 ] ::1 /yfsj-cs/index.php/Home/js/jquery-1.8.3.min.js
ERR: 无法加载控制器:Js

[ 2016-04-05T21:34:52+08:00 ] ::1 /yfsj-cs/index.php/Home/css/flexigrid.css
ERR: 无法加载控制器:Css

[ 2016-04-05T21:34:52+08:00 ] ::1 /yfsj-cs/index.php/Home/js/jquery-1.8.3.min.js
ERR: 无法加载控制器:Js

[ 2016-04-05T21:34:52+08:00 ] ::1 /yfsj-cs/index.php/Home/js/flexigrid.js
ERR: 无法加载控制器:Js

[ 2016-04-05T21:35:14+08:00 ] ::1 /yfsj-cs/index.php/Home/css/flexigrid.css
ERR: 无法加载控制器:Css

[ 2016-04-05T21:35:14+08:00 ] ::1 /yfsj-cs/index.php/Home/js/jquery-1.8.3.min.js
ERR: 无法加载控制器:Js

[ 2016-04-05T21:35:14+08:00 ] ::1 /yfsj-cs/index.php/Home/js/flexigrid.js
ERR: 无法加载控制器:Js

[ 2016-04-05T21:35:26+08:00 ] ::1 /yfsj-cs/index.php/Home/js/flexigrid.js
ERR: 无法加载控制器:Js

[ 2016-04-05T21:35:26+08:00 ] ::1 /yfsj-cs/index.php/Home/css/flexigrid.css
ERR: 无法加载控制器:Css

[ 2016-04-05T21:35:26+08:00 ] ::1 /yfsj-cs/index.php/Home/js/jquery-1.8.3.min.js
ERR: 无法加载控制器:Js

[ 2016-04-05T21:35:43+08:00 ] ::1 /yfsj-cs/index.php/Home/js/flexigrid.js
ERR: 无法加载控制器:Js

[ 2016-04-05T21:35:43+08:00 ] ::1 /yfsj-cs/index.php/Home/css/flexigrid.css
ERR: 无法加载控制器:Css

[ 2016-04-05T21:35:43+08:00 ] ::1 /yfsj-cs/index.php/Home/js/jquery-1.8.3.min.js
ERR: 无法加载控制器:Js

[ 2016-04-05T21:37:07+08:00 ] ::1 /yfsj-cs/index.php/Home/js/flexigrid.js
ERR: 无法加载控制器:Js

[ 2016-04-05T21:37:07+08:00 ] ::1 /yfsj-cs/index.php/Home/css/flexigrid.css
ERR: 无法加载控制器:Css

[ 2016-04-05T21:37:07+08:00 ] ::1 /yfsj-cs/index.php/Home/js/jquery-1.8.3.min.js
ERR: 无法加载控制器:Js

[ 2016-04-05T21:41:09+08:00 ] ::1 /yfsj-cs/index.php/Home/css/flexigrid.css
ERR: 无法加载控制器:Css

[ 2016-04-05T21:41:09+08:00 ] ::1 /yfsj-cs/index.php/Home/js/jquery-1.8.3.min.js
ERR: 无法加载控制器:Js

[ 2016-04-05T21:41:09+08:00 ] ::1 /yfsj-cs/index.php/Home/js/flexigrid.js
ERR: 无法加载控制器:Js

