[ 2016-04-23T15:42:52+08:00 ] ::1 /yfsj-cs/index.php/Home/add
ERR: 无法加载控制器:Add

[ 2016-04-23T15:43:25+08:00 ] ::1 /yfsj-cs/index.php/Home/add
ERR: 无法加载控制器:Add

[ 2016-04-23T15:43:48+08:00 ] ::1 /yfsj-cs/index.php/Home/news_add
ERR: 1048:Column 'date' cannot be null
 [ SQL语句 ] : INSERT INTO `think_news` (`date`,`title`,`body`) VALUES (NULL,NULL,NULL)
ERR: 1048:Column 'date' cannot be null
 [ SQL语句 ] : INSERT INTO `think_news` (`date`,`title`,`body`) VALUES (NULL,NULL,NULL)

[ 2016-04-23T15:47:15+08:00 ] ::1 /yfsj-cs/index.php/Home/admin_number
ERR: 无法加载控制器:AdminNumber

[ 2016-04-23T16:25:22+08:00 ] ::1 /yfsj-cs/index.php/Home/news_add
ERR: 1292:Incorrect date value: '' for column 'date' at row 1
 [ SQL语句 ] : INSERT INTO `think_news` (`date`,`title`,`body`) VALUES ('','',' ')
ERR: 1292:Incorrect date value: '' for column 'date' at row 1
 [ SQL语句 ] : INSERT INTO `think_news` (`date`,`title`,`body`) VALUES ('','',' ')

[ 2016-04-23T16:33:26+08:00 ] ::1 /yfsj-cs/index.php/Home/news_add
ERR: 1292:Incorrect date value: '' for column 'date' at row 1
 [ SQL语句 ] : INSERT INTO `think_news` (`date`,`title`,`body`) VALUES ('','',' ')
ERR: 1292:Incorrect date value: '' for column 'date' at row 1
 [ SQL语句 ] : INSERT INTO `think_news` (`date`,`title`,`body`) VALUES ('','',' ')

[ 2016-04-23T16:33:32+08:00 ] ::1 /yfsj-cs/index.php/Home/news_add
ERR: 1292:Incorrect date value: '' for column 'date' at row 1
 [ SQL语句 ] : INSERT INTO `think_news` (`date`,`title`,`body`) VALUES ('','',' ')
ERR: 1292:Incorrect date value: '' for column 'date' at row 1
 [ SQL语句 ] : INSERT INTO `think_news` (`date`,`title`,`body`) VALUES ('','',' ')

[ 2016-04-23T16:34:52+08:00 ] ::1 /yfsj-cs/index.php/Home/news_add
ERR: 1292:Incorrect date value: '' for column 'date' at row 1
 [ SQL语句 ] : INSERT INTO `think_news` (`date`,`title`,`body`) VALUES ('','',' ')
ERR: 1292:Incorrect date value: '' for column 'date' at row 1
 [ SQL语句 ] : INSERT INTO `think_news` (`date`,`title`,`body`) VALUES ('','',' ')

[ 2016-04-23T16:35:00+08:00 ] ::1 /yfsj-cs/index.php/Home/news_add
ERR: 1292:Incorrect date value: '' for column 'date' at row 1
 [ SQL语句 ] : INSERT INTO `think_news` (`date`,`title`,`body`) VALUES ('','',' ')
ERR: 1292:Incorrect date value: '' for column 'date' at row 1
 [ SQL语句 ] : INSERT INTO `think_news` (`date`,`title`,`body`) VALUES ('','',' ')

[ 2016-04-23T16:41:29+08:00 ] ::1 /yfsj-cs/index.php/Home/news_add
ERR: 1292:Incorrect date value: '' for column 'date' at row 1
 [ SQL语句 ] : INSERT INTO `think_news` (`date`,`title`,`body`) VALUES ('','',' ')
ERR: 1292:Incorrect date value: '' for column 'date' at row 1
 [ SQL语句 ] : INSERT INTO `think_news` (`date`,`title`,`body`) VALUES ('','',' ')

[ 2016-04-23T16:48:06+08:00 ] ::1 /yfsj-cs/index.php/Home/news_add
ERR: 1292:Incorrect date value: '计算机科学与技术' for column 'date' at row 1
 [ SQL语句 ] : INSERT INTO `think_news` (`date`,`title`,`body`) VALUES ('计算机科学与技术','3130602020',NULL)
ERR: 1292:Incorrect date value: '计算机科学与技术' for column 'date' at row 1
 [ SQL语句 ] : INSERT INTO `think_news` (`date`,`title`,`body`) VALUES ('计算机科学与技术','3130602020',NULL)

[ 2016-04-23T16:48:45+08:00 ] ::1 /yfsj-cs/index.php/Home/member_add
ERR: 1048:Column 'name' cannot be null
 [ SQL语句 ] : INSERT INTO `think_member` (`name`,`sex`,`age`,`major`,`introduction`) VALUES (NULL,NULL,NULL,NULL,'小组成员 ')
ERR: 1048:Column 'name' cannot be null
 [ SQL语句 ] : INSERT INTO `think_member` (`name`,`sex`,`age`,`major`,`introduction`) VALUES (NULL,NULL,NULL,NULL,'小组成员 ')

[ 2016-04-23T16:52:17+08:00 ] ::1 /yfsj-cs/index.php/Home/member_add
ERR: 1364:Field 'number' doesn't have a default value
 [ SQL语句 ] : INSERT INTO `think_member` (`name`,`sex`,`age`,`major`,`introduction`) VALUES ('王鹏','男','22','计算机科学与技术','小组成员 ')
ERR: 1364:Field 'number' doesn't have a default value
 [ SQL语句 ] : INSERT INTO `think_member` (`name`,`sex`,`age`,`major`,`introduction`) VALUES ('王鹏','男','22','计算机科学与技术','小组成员 ')

[ 2016-04-23T16:53:40+08:00 ] ::1 /yfsj-cs/index.php/Home/member_add
ERR: 1062:Duplicate entry '3130602020' for key 'PRIMARY'
 [ SQL语句 ] : INSERT INTO `think_member` (`name`,`sex`,`age`,`major`,`number`,`introduction`) VALUES ('王鹏','男','22','计算机科学与技术','3130602020','小组成员 ')
ERR: 1062:Duplicate entry '3130602020' for key 'PRIMARY'
 [ SQL语句 ] : INSERT INTO `think_member` (`name`,`sex`,`age`,`major`,`number`,`introduction`) VALUES ('王鹏','男','22','计算机科学与技术','3130602020','小组成员 ')

[ 2016-04-23T16:54:18+08:00 ] ::1 /yfsj-cs/index.php/Home/member_delete/3130602020
ERR: 无法加载控制器:MemberDelete

