[ 2016-04-17T13:55:42+08:00 ] ::1 /yfsj-cs/index.php/home/Home/news
ERR: 无法加载控制器:Home

[ 2016-04-17T13:56:56+08:00 ] ::1 /yfsj-cs/index.php/home/Home/news
ERR: 无法加载控制器:Home

[ 2016-04-17T13:57:06+08:00 ] ::1 /yfsj-cs/index.php/home/Home/news
ERR: 无法加载控制器:Home

[ 2016-04-17T13:59:06+08:00 ] ::1 /yfsj-cs/index.php/home/Home/news
ERR: 无法加载控制器:Home

[ 2016-04-17T14:22:41+08:00 ] ::1 /yfsj-cs/index.php/Home/index/del
ERR: 非法操作:del

[ 2016-04-17T14:23:15+08:00 ] ::1 /yfsj-cs/index.php/Home/delete/del
ERR: 无法加载控制器:Delete

[ 2016-04-17T14:43:43+08:00 ] ::1 /yfsj-cs/index.php/Home/delete/'del'
ERR: 无法加载控制器:Delete

[ 2016-04-17T14:48:24+08:00 ] ::1 /yfsj-cs/index.php/Home/delete/456,7895
ERR: 无法加载控制器:Delete

[ 2016-04-17T14:58:36+08:00 ] ::1 /yfsj-cs/index.php/Home/delete/456,7895
ERR: 无法加载控制器:Delete

[ 2016-04-17T15:00:11+08:00 ] ::1 /yfsj-cs/index.php/Home/delete?del[]=456,7895
ERR: 无法加载控制器:Delete

[ 2016-04-17T15:00:46+08:00 ] ::1 /yfsj-cs/index.php/Home/Home/news
ERR: 无法加载控制器:Home

[ 2016-04-17T15:01:08+08:00 ] ::1 /yfsj-cs/index.php/Home/Home/news
ERR: 无法加载控制器:Home

[ 2016-04-17T15:01:31+08:00 ] ::1 /yfsj-cs/index.php/Home/Home/news
ERR: 无法加载控制器:Home

[ 2016-04-17T15:04:08+08:00 ] ::1 /yfsj-cs/index.php/Home/Home/news
ERR: 无法加载控制器:Home

[ 2016-04-17T20:53:01+08:00 ] ::1 /yfsj-cs/index.php/Home/Home/news
ERR: 无法加载控制器:Home

