[ 2016-04-02T20:15:44+08:00 ] ::1 /yfsj-cs/index.php/Home/css/style.css
ERR: 无法加载控制器:Css

[ 2016-04-02T20:20:41+08:00 ] ::1 /yfsj-cs/index.php/Home/index.php/Home/member
ERR: 无法加载控制器:Index.php

[ 2016-04-02T20:20:47+08:00 ] ::1 /yfsj-cs/index.php/Home/css/style.css
ERR: 无法加载控制器:Css

[ 2016-04-02T20:21:35+08:00 ] ::1 /yfsj-cs/index.php/Home/index.php/Home/member
ERR: 无法加载控制器:Index.php

[ 2016-04-02T20:23:39+08:00 ] ::1 /yfsj-cs/index.php/Home/css/style.css
ERR: 无法加载控制器:Css

[ 2016-04-02T20:23:55+08:00 ] ::1 /yfsj-cs/index.php/Home/css/style.css
ERR: 无法加载控制器:Css

[ 2016-04-02T20:23:56+08:00 ] ::1 /yfsj-cs/index.php/Home/index.php/Home/member
ERR: 无法加载控制器:Index.php

[ 2016-04-02T20:24:05+08:00 ] ::1 /yfsj-cs/index.php/Home/index.php/Home/index
ERR: 无法加载控制器:Index.php

[ 2016-04-02T20:24:15+08:00 ] ::1 /yfsj-cs/index.php/Home/css/style.css
ERR: 无法加载控制器:Css

[ 2016-04-02T20:24:17+08:00 ] ::1 /yfsj-cs/index.php/Home/index.php/Home/index
ERR: 无法加载控制器:Index.php

[ 2016-04-02T20:24:20+08:00 ] ::1 /yfsj-cs/index.php/Home/css/style.css
ERR: 无法加载控制器:Css

[ 2016-04-02T20:24:26+08:00 ] ::1 /yfsj-cs/index.php/Home/index.php/Home/index
ERR: 无法加载控制器:Index.php

[ 2016-04-02T20:24:46+08:00 ] ::1 /yfsj-cs/index.php/Home/index.php/Home/index
ERR: 无法加载控制器:Index.php

[ 2016-04-02T20:25:11+08:00 ] ::1 /yfsj-cs/index.php/Home/index.php/Home/index
ERR: 无法加载控制器:Index.php

[ 2016-04-02T20:25:51+08:00 ] ::1 /yfsj-cs/index.php/Home/css/style.css
ERR: 无法加载控制器:Css

[ 2016-04-02T20:27:07+08:00 ] ::1 /yfsj-cs/index.php/Home/css/style.css
ERR: 无法加载控制器:Css

[ 2016-04-02T20:27:14+08:00 ] ::1 /yfsj-cs/index.php/Home/index.php/Home/member
ERR: 无法加载控制器:Index.php

[ 2016-04-02T20:27:34+08:00 ] ::1 /yfsj-cs/index.php/Home/css/style.css
ERR: 无法加载控制器:Css

[ 2016-04-02T20:27:39+08:00 ] ::1 /yfsj-cs/index.php/Home/index.php/Home/member
ERR: 无法加载控制器:Index.php

[ 2016-04-02T20:30:28+08:00 ] ::1 /yfsj-cs/index.php/Home/index.php/Home/member
ERR: 无法加载控制器:Index.php

[ 2016-04-02T20:31:06+08:00 ] ::1 /yfsj-cs/index.php/Home/css/style.css
ERR: 无法加载控制器:Css

[ 2016-04-02T20:31:12+08:00 ] ::1 /yfsj-cs/index.php/Home/css/style.css
ERR: 无法加载控制器:Css

[ 2016-04-02T20:31:17+08:00 ] ::1 /yfsj-cs/index.php/Home/css/style.css
ERR: 无法加载控制器:Css

[ 2016-04-02T20:32:37+08:00 ] ::1 /yfsj-cs/index.php/Home/css/style.css
ERR: 无法加载控制器:Css

[ 2016-04-02T20:35:08+08:00 ] ::1 /yfsj-cs/index.php/Home/css/style.css
ERR: 无法加载控制器:Css

[ 2016-04-02T20:35:30+08:00 ] ::1 /yfsj-cs/index.php/Home/css/style.css
ERR: 无法加载控制器:Css

[ 2016-04-02T20:36:35+08:00 ] ::1 /yfsj-cs/index.php/Home/css/style.css
ERR: 无法加载控制器:Css

